nohup: ignoring input

> frontend-angular@0.0.0 start
> ng serve

- Building...

Initial chunk files | Names                       |  Raw size
styles.css          | styles                      | 663.52 kB | 
polyfills.js        | polyfills                   |  88.09 kB | 
chunk-TMIPQ7U3.js   | -                           |   8.54 kB | 
main.js             | main                        |   7.39 kB | 
chunk-OOR6ISPA.js   | -                           |   1.19 kB | 
chunk-ECIVKUFY.js   | -                           | 273 bytes | 

                    | Initial total               | 768.99 kB

Lazy chunk files    | Names                       |  Raw size
chunk-YPTW6CY4.js   | election-detail-component   |  41.20 kB | 
chunk-RC3L6MPT.js   | vote-confirmation-component |  31.80 kB | 
chunk-YXKAFI3L.js   | dashboard-component         |  29.63 kB | 
chunk-OYH3X3MF.js   | election-list-component     |  28.15 kB | 
chunk-RRMZEYPG.js   | create-election-component   |  13.68 kB | 
chunk-VLIS4SND.js   | login-component             |  10.57 kB | 
chunk-OHINMAQX.js   | -                           |   9.94 kB | 
chunk-MLRACO37.js   | -                           |   6.90 kB | 
chunk-ST44EHWA.js   | unauthorized-component      |   4.59 kB | 
chunk-XNYR3C6H.js   | not-found-component         |   4.54 kB | 
chunk-GLSWE5BD.js   | admin-dashboard-component   |   4.18 kB | 
chunk-2AKW4S3O.js   | audit-dashboard-component   |   3.32 kB | 
chunk-6N6CHZLO.js   | admin-routes                | 375 bytes | 
chunk-7PSPUVBB.js   | audit-routes                | 252 bytes | 

Application bundle generation complete. [6.411 seconds]

Watch mode enabled. Watching for file changes...
  ➜  Local:   http://localhost:4200/
- Changes detected. Rebuilding...

Initial chunk files | Names                       |  Raw size
main.js             | main                        |   7.39 kB | 

Lazy chunk files    | Names                       |  Raw size
chunk-ENE7TFAQ.js   | election-detail-component   |  41.20 kB | 
chunk-ST77OJPT.js   | vote-confirmation-component |  31.80 kB | 
chunk-MBVZPM5L.js   | dashboard-component         |  29.63 kB | 
chunk-6ZRJFG6U.js   | election-list-component     |  28.15 kB | 
chunk-CQVVMSTE.js   | create-election-component   |  13.68 kB | 
chunk-2NMZDSTG.js   | -                           |   6.96 kB | 
chunk-3HQVGWAT.js   | admin-routes                | 375 bytes | 

Application bundle generation complete. [0.934 seconds]

Page reload sent to client(s).
- Changes detected. Rebuilding...


No output file changes.

Application bundle generation complete. [0.558 seconds]

- Changes detected. Rebuilding...

Application bundle generation failed. [1.110 seconds]

✘ [ERROR] TS2367: This comparison appears to be unintentional because the types 'ElectionStatus' and '"ACTIVE"' have no overlap. [plugin angular-compiler]

    src/app/core/services/election.service.ts:180:11:
      180 │     return election.status === 'ACTIVE' &&
          ╵            ~~~~~~~~~~~~~~~~~~~~~~~~~~~~


✘ [ERROR] TS2367: This comparison appears to be unintentional because the types 'ElectionStatus' and '"ACTIVE"' have no overlap. [plugin angular-compiler]

    src/app/features/dashboard/dashboard.component.ts:93:51:
      93 │ ...totalActive = elections.filter(e => e.status === 'ACTIVE').length;
         ╵                                        ~~~~~~~~~~~~~~~~~~~~~


✘ [ERROR] TS2678: Type '"ACTIVE"' is not comparable to type 'ElectionStatus'. [plugin angular-compiler]

    src/app/features/elections/election-detail/election-detail.component.ts:239:11:
      239 │       case 'ACTIVE':
          ╵            ~~~~~~~~


✘ [ERROR] TS2678: Type '"DRAFT"' is not comparable to type 'ElectionStatus'. [plugin angular-compiler]

    src/app/features/elections/election-detail/election-detail.component.ts:241:11:
      241 │       case 'DRAFT':
          ╵            ~~~~~~~


✘ [ERROR] TS2678: Type '"CLOSED"' is not comparable to type 'ElectionStatus'. [plugin angular-compiler]

    src/app/features/elections/election-detail/election-detail.component.ts:243:11:
      243 │       case 'CLOSED':
          ╵            ~~~~~~~~


✘ [ERROR] TS2678: Type '"COMPLETED"' is not comparable to type 'ElectionStatus'. [plugin angular-compiler]

    src/app/features/elections/election-detail/election-detail.component.ts:244:11:
      244 │       case 'COMPLETED':
          ╵            ~~~~~~~~~~~


✘ [ERROR] TS2678: Type '"CANCELLED"' is not comparable to type 'ElectionStatus'. [plugin angular-compiler]

    src/app/features/elections/election-detail/election-detail.component.ts:246:11:
      246 │       case 'CANCELLED':
          ╵            ~~~~~~~~~~~


✘ [ERROR] TS2678: Type '"ACTIVE"' is not comparable to type 'ElectionStatus'. [plugin angular-compiler]

    src/app/features/elections/election-detail/election-detail.component.ts:260:11:
      260 │       case 'ACTIVE':
          ╵            ~~~~~~~~


✘ [ERROR] TS2678: Type '"DRAFT"' is not comparable to type 'ElectionStatus'. [plugin angular-compiler]

    src/app/features/elections/election-detail/election-detail.component.ts:262:11:
      262 │       case 'DRAFT':
          ╵            ~~~~~~~


✘ [ERROR] TS2678: Type '"CLOSED"' is not comparable to type 'ElectionStatus'. [plugin angular-compiler]

    src/app/features/elections/election-detail/election-detail.component.ts:264:11:
      264 │       case 'CLOSED':
          ╵            ~~~~~~~~


✘ [ERROR] TS2678: Type '"COMPLETED"' is not comparable to type 'ElectionStatus'. [plugin angular-compiler]

    src/app/features/elections/election-detail/election-detail.component.ts:266:11:
      266 │       case 'COMPLETED':
          ╵            ~~~~~~~~~~~


✘ [ERROR] TS2678: Type '"CANCELLED"' is not comparable to type 'ElectionStatus'. [plugin angular-compiler]

    src/app/features/elections/election-detail/election-detail.component.ts:268:11:
      268 │       case 'CANCELLED':
          ╵            ~~~~~~~~~~~


✘ [ERROR] NG7: This comparison appears to be unintentional because the types 'ElectionStatus' and '"ACTIVE"' have no overlap. [plugin angular-compiler]

    src/app/features/elections/election-list/election-list.component.html:118:42:
      118 │ ...   <div class="detail-item" *ngIf="election.status === 'ACTIVE'">
          ╵                                       ~~~~~~~~~~~~~~~~~~~~~~~~~~~~

  Error occurs in the template of component ElectionListComponent.

    src/app/features/elections/election-list/election-list.component.ts:34:15:
      34 │   templateUrl: './election-list.component.html',
         ╵                ~~~~~~~~~~~~~~~~~~~~~~~~~~~~~~~~


✘ [ERROR] TS2367: This comparison appears to be unintentional because the types 'ElectionStatus' and '"ACTIVE"' have no overlap. [plugin angular-compiler]

    src/app/features/elections/election-list/election-list.component.ts:193:54:
      193 │ ...aining > 0 && daysRemaining <= 3 && election.status === 'ACTIVE';
          ╵                                        ~~~~~~~~~~~~~~~~~~~~~~~~~~~~


- Changes detected. Rebuilding...

Application bundle generation failed. [1.516 seconds]

✘ [ERROR] NG7: This comparison appears to be unintentional because the types 'ElectionStatus' and '"ACTIVE"' have no overlap. [plugin angular-compiler]

    src/app/features/dashboard/dashboard.component.html:191:33:
      191 │                 'badge-success': election.status === 'ACTIVE',
          ╵                                  ~~~~~~~~~~~~~~~~~~~~~~~~~~~~

  Error occurs in the template of component DashboardComponent.

    src/app/features/dashboard/dashboard.component.ts:30:15:
      30 │   templateUrl: './dashboard.component.html',
         ╵                ~~~~~~~~~~~~~~~~~~~~~~~~~~~~


✘ [ERROR] NG7: This comparison appears to be unintentional because the types 'ElectionStatus' and '"DRAFT"' have no overlap. [plugin angular-compiler]

    src/app/features/dashboard/dashboard.component.html:192:33:
      192 │                 'badge-warning': election.status === 'DRAFT',
          ╵                                  ~~~~~~~~~~~~~~~~~~~~~~~~~~~

  Error occurs in the template of component DashboardComponent.

    src/app/features/dashboard/dashboard.component.ts:30:15:
      30 │   templateUrl: './dashboard.component.html',
         ╵                ~~~~~~~~~~~~~~~~~~~~~~~~~~~~


✘ [ERROR] NG7: This comparison appears to be unintentional because the types 'ElectionStatus' and '"CLOSED"' have no overlap. [plugin angular-compiler]

    src/app/features/dashboard/dashboard.component.html:193:35:
      193 │                 'badge-secondary': election.status === 'CLOSED'
          ╵                                    ~~~~~~~~~~~~~~~~~~~~~~~~~~~~

  Error occurs in the template of component DashboardComponent.

    src/app/features/dashboard/dashboard.component.ts:30:15:
      30 │   templateUrl: './dashboard.component.html',
         ╵                ~~~~~~~~~~~~~~~~~~~~~~~~~~~~


✘ [ERROR] TS2367: This comparison appears to be unintentional because the types 'ElectionStatus' and '"ACTIVE"' have no overlap. [plugin angular-compiler]

    src/app/features/dashboard/dashboard.component.ts:93:51:
      93 │ ...totalActive = elections.filter(e => e.status === 'ACTIVE').length;
         ╵                                        ~~~~~~~~~~~~~~~~~~~~~


✘ [ERROR] NG7: This comparison appears to be unintentional because the types 'ElectionStatus' and '"ACTIVE"' have no overlap. [plugin angular-compiler]

    src/app/features/elections/election-detail/election-detail.component.html:75:46:
      75 │ ...  <div class="time-progress" *ngIf="election.status === 'ACTIVE'">
         ╵                                        ~~~~~~~~~~~~~~~~~~~~~~~~~~~~

  Error occurs in the template of component ElectionDetailComponent.

    src/app/features/elections/election-detail/election-detail.component.ts:42:15:
      42 │   templateUrl: './election-detail.component.html',
         ╵                ~~~~~~~~~~~~~~~~~~~~~~~~~~~~~~~~~~


✘ [ERROR] NG7: This comparison appears to be unintentional because the types 'ElectionStatus' and '"ACTIVE"' have no overlap. [plugin angular-compiler]

    src/app/features/elections/election-detail/election-detail.component.html:108:37:
      108 │       *ngIf="!isActiveForVoting() && election.status !== 'ACTIVE'"
          ╵                                      ~~~~~~~~~~~~~~~~~~~~~~~~~~~~

  Error occurs in the template of component ElectionDetailComponent.

    src/app/features/elections/election-detail/election-detail.component.ts:42:15:
      42 │   templateUrl: './election-detail.component.html',
         ╵                ~~~~~~~~~~~~~~~~~~~~~~~~~~~~~~~~~~


✘ [ERROR] TS2678: Type '"ACTIVE"' is not comparable to type 'ElectionStatus'. [plugin angular-compiler]

    src/app/features/elections/election-detail/election-detail.component.ts:239:11:
      239 │       case 'ACTIVE':
          ╵            ~~~~~~~~


✘ [ERROR] TS2678: Type '"DRAFT"' is not comparable to type 'ElectionStatus'. [plugin angular-compiler]

    src/app/features/elections/election-detail/election-detail.component.ts:241:11:
      241 │       case 'DRAFT':
          ╵            ~~~~~~~


✘ [ERROR] TS2678: Type '"CLOSED"' is not comparable to type 'ElectionStatus'. [plugin angular-compiler]

    src/app/features/elections/election-detail/election-detail.component.ts:243:11:
      243 │       case 'CLOSED':
          ╵            ~~~~~~~~


✘ [ERROR] TS2678: Type '"COMPLETED"' is not comparable to type 'ElectionStatus'. [plugin angular-compiler]

    src/app/features/elections/election-detail/election-detail.component.ts:244:11:
      244 │       case 'COMPLETED':
          ╵            ~~~~~~~~~~~


✘ [ERROR] TS2678: Type '"CANCELLED"' is not comparable to type 'ElectionStatus'. [plugin angular-compiler]

    src/app/features/elections/election-detail/election-detail.component.ts:246:11:
      246 │       case 'CANCELLED':
          ╵            ~~~~~~~~~~~


✘ [ERROR] TS2678: Type '"ACTIVE"' is not comparable to type 'ElectionStatus'. [plugin angular-compiler]

    src/app/features/elections/election-detail/election-detail.component.ts:260:11:
      260 │       case 'ACTIVE':
          ╵            ~~~~~~~~


✘ [ERROR] TS2678: Type '"DRAFT"' is not comparable to type 'ElectionStatus'. [plugin angular-compiler]

    src/app/features/elections/election-detail/election-detail.component.ts:262:11:
      262 │       case 'DRAFT':
          ╵            ~~~~~~~


✘ [ERROR] TS2678: Type '"CLOSED"' is not comparable to type 'ElectionStatus'. [plugin angular-compiler]

    src/app/features/elections/election-detail/election-detail.component.ts:264:11:
      264 │       case 'CLOSED':
          ╵            ~~~~~~~~


✘ [ERROR] TS2678: Type '"COMPLETED"' is not comparable to type 'ElectionStatus'. [plugin angular-compiler]

    src/app/features/elections/election-detail/election-detail.component.ts:266:11:
      266 │       case 'COMPLETED':
          ╵            ~~~~~~~~~~~


✘ [ERROR] TS2678: Type '"CANCELLED"' is not comparable to type 'ElectionStatus'. [plugin angular-compiler]

    src/app/features/elections/election-detail/election-detail.component.ts:268:11:
      268 │       case 'CANCELLED':
          ╵            ~~~~~~~~~~~


✘ [ERROR] NG7: This comparison appears to be unintentional because the types 'ElectionStatus' and '"ACTIVE"' have no overlap. [plugin angular-compiler]

    src/app/features/elections/election-list/election-list.component.html:118:42:
      118 │ ...   <div class="detail-item" *ngIf="election.status === 'ACTIVE'">
          ╵                                       ~~~~~~~~~~~~~~~~~~~~~~~~~~~~

  Error occurs in the template of component ElectionListComponent.

    src/app/features/elections/election-list/election-list.component.ts:34:15:
      34 │   templateUrl: './election-list.component.html',
         ╵                ~~~~~~~~~~~~~~~~~~~~~~~~~~~~~~~~


✘ [ERROR] TS2367: This comparison appears to be unintentional because the types 'ElectionStatus' and '"ACTIVE"' have no overlap. [plugin angular-compiler]

    src/app/features/elections/election-list/election-list.component.ts:193:54:
      193 │ ...aining > 0 && daysRemaining <= 3 && election.status === 'ACTIVE';
          ╵                                        ~~~~~~~~~~~~~~~~~~~~~~~~~~~~


- Changes detected. Rebuilding...

Application bundle generation failed. [0.670 seconds]

✘ [ERROR] NG7: This comparison appears to be unintentional because the types 'ElectionStatus' and '"ACTIVE"' have no overlap. [plugin angular-compiler]

    src/app/features/dashboard/dashboard.component.html:191:33:
      191 │                 'badge-success': election.status === 'ACTIVE',
          ╵                                  ~~~~~~~~~~~~~~~~~~~~~~~~~~~~

  Error occurs in the template of component DashboardComponent.

    src/app/features/dashboard/dashboard.component.ts:30:15:
      30 │   templateUrl: './dashboard.component.html',
         ╵                ~~~~~~~~~~~~~~~~~~~~~~~~~~~~


✘ [ERROR] NG7: This comparison appears to be unintentional because the types 'ElectionStatus' and '"DRAFT"' have no overlap. [plugin angular-compiler]

    src/app/features/dashboard/dashboard.component.html:192:33:
      192 │                 'badge-warning': election.status === 'DRAFT',
          ╵                                  ~~~~~~~~~~~~~~~~~~~~~~~~~~~

  Error occurs in the template of component DashboardComponent.

    src/app/features/dashboard/dashboard.component.ts:30:15:
      30 │   templateUrl: './dashboard.component.html',
         ╵                ~~~~~~~~~~~~~~~~~~~~~~~~~~~~


✘ [ERROR] NG7: This comparison appears to be unintentional because the types 'ElectionStatus' and '"CLOSED"' have no overlap. [plugin angular-compiler]

    src/app/features/dashboard/dashboard.component.html:193:35:
      193 │                 'badge-secondary': election.status === 'CLOSED'
          ╵                                    ~~~~~~~~~~~~~~~~~~~~~~~~~~~~

  Error occurs in the template of component DashboardComponent.

    src/app/features/dashboard/dashboard.component.ts:30:15:
      30 │   templateUrl: './dashboard.component.html',
         ╵                ~~~~~~~~~~~~~~~~~~~~~~~~~~~~


✘ [ERROR] TS2367: This comparison appears to be unintentional because the types 'ElectionStatus' and '"ACTIVE"' have no overlap. [plugin angular-compiler]

    src/app/features/dashboard/dashboard.component.ts:93:51:
      93 │ ...totalActive = elections.filter(e => e.status === 'ACTIVE').length;
         ╵                                        ~~~~~~~~~~~~~~~~~~~~~


✘ [ERROR] NG7: This comparison appears to be unintentional because the types 'ElectionStatus' and '"ACTIVE"' have no overlap. [plugin angular-compiler]

    src/app/features/elections/election-detail/election-detail.component.html:75:46:
      75 │ ...  <div class="time-progress" *ngIf="election.status === 'ACTIVE'">
         ╵                                        ~~~~~~~~~~~~~~~~~~~~~~~~~~~~

  Error occurs in the template of component ElectionDetailComponent.

    src/app/features/elections/election-detail/election-detail.component.ts:42:15:
      42 │   templateUrl: './election-detail.component.html',
         ╵                ~~~~~~~~~~~~~~~~~~~~~~~~~~~~~~~~~~


✘ [ERROR] NG7: This comparison appears to be unintentional because the types 'ElectionStatus' and '"ACTIVE"' have no overlap. [plugin angular-compiler]

    src/app/features/elections/election-detail/election-detail.component.html:108:37:
      108 │       *ngIf="!isActiveForVoting() && election.status !== 'ACTIVE'"
          ╵                                      ~~~~~~~~~~~~~~~~~~~~~~~~~~~~

  Error occurs in the template of component ElectionDetailComponent.

    src/app/features/elections/election-detail/election-detail.component.ts:42:15:
      42 │   templateUrl: './election-detail.component.html',
         ╵                ~~~~~~~~~~~~~~~~~~~~~~~~~~~~~~~~~~


✘ [ERROR] TS2678: Type '"ACTIVE"' is not comparable to type 'ElectionStatus'. [plugin angular-compiler]

    src/app/features/elections/election-detail/election-detail.component.ts:239:11:
      239 │       case 'ACTIVE':
          ╵            ~~~~~~~~


✘ [ERROR] TS2678: Type '"DRAFT"' is not comparable to type 'ElectionStatus'. [plugin angular-compiler]

    src/app/features/elections/election-detail/election-detail.component.ts:241:11:
      241 │       case 'DRAFT':
          ╵            ~~~~~~~


✘ [ERROR] TS2678: Type '"CLOSED"' is not comparable to type 'ElectionStatus'. [plugin angular-compiler]

    src/app/features/elections/election-detail/election-detail.component.ts:243:11:
      243 │       case 'CLOSED':
          ╵            ~~~~~~~~


✘ [ERROR] TS2678: Type '"COMPLETED"' is not comparable to type 'ElectionStatus'. [plugin angular-compiler]

    src/app/features/elections/election-detail/election-detail.component.ts:244:11:
      244 │       case 'COMPLETED':
          ╵            ~~~~~~~~~~~


✘ [ERROR] TS2678: Type '"CANCELLED"' is not comparable to type 'ElectionStatus'. [plugin angular-compiler]

    src/app/features/elections/election-detail/election-detail.component.ts:246:11:
      246 │       case 'CANCELLED':
          ╵            ~~~~~~~~~~~


✘ [ERROR] TS2678: Type '"ACTIVE"' is not comparable to type 'ElectionStatus'. [plugin angular-compiler]

    src/app/features/elections/election-detail/election-detail.component.ts:260:11:
      260 │       case 'ACTIVE':
          ╵            ~~~~~~~~


✘ [ERROR] TS2678: Type '"DRAFT"' is not comparable to type 'ElectionStatus'. [plugin angular-compiler]

    src/app/features/elections/election-detail/election-detail.component.ts:262:11:
      262 │       case 'DRAFT':
          ╵            ~~~~~~~


✘ [ERROR] TS2678: Type '"CLOSED"' is not comparable to type 'ElectionStatus'. [plugin angular-compiler]

    src/app/features/elections/election-detail/election-detail.component.ts:264:11:
      264 │       case 'CLOSED':
          ╵            ~~~~~~~~


✘ [ERROR] TS2678: Type '"COMPLETED"' is not comparable to type 'ElectionStatus'. [plugin angular-compiler]

    src/app/features/elections/election-detail/election-detail.component.ts:266:11:
      266 │       case 'COMPLETED':
          ╵            ~~~~~~~~~~~


✘ [ERROR] TS2678: Type '"CANCELLED"' is not comparable to type 'ElectionStatus'. [plugin angular-compiler]

    src/app/features/elections/election-detail/election-detail.component.ts:268:11:
      268 │       case 'CANCELLED':
          ╵            ~~~~~~~~~~~


✘ [ERROR] NG7: This comparison appears to be unintentional because the types 'ElectionStatus' and '"ACTIVE"' have no overlap. [plugin angular-compiler]

    src/app/features/elections/election-list/election-list.component.html:118:42:
      118 │ ...   <div class="detail-item" *ngIf="election.status === 'ACTIVE'">
          ╵                                       ~~~~~~~~~~~~~~~~~~~~~~~~~~~~

  Error occurs in the template of component ElectionListComponent.

    src/app/features/elections/election-list/election-list.component.ts:34:15:
      34 │   templateUrl: './election-list.component.html',
         ╵                ~~~~~~~~~~~~~~~~~~~~~~~~~~~~~~~~


✘ [ERROR] TS2367: This comparison appears to be unintentional because the types 'ElectionStatus' and '"ACTIVE"' have no overlap. [plugin angular-compiler]

    src/app/features/elections/election-list/election-list.component.ts:193:54:
      193 │ ...aining > 0 && daysRemaining <= 3 && election.status === 'ACTIVE';
          ╵                                        ~~~~~~~~~~~~~~~~~~~~~~~~~~~~


- Changes detected. Rebuilding...

Application bundle generation failed. [1.200 seconds]

✘ [ERROR] NG7: This comparison appears to be unintentional because the types 'ElectionStatus' and '"ACTIVE"' have no overlap. [plugin angular-compiler]

    src/app/features/dashboard/dashboard.component.html:191:33:
      191 │                 'badge-success': election.status === 'ACTIVE',
          ╵                                  ~~~~~~~~~~~~~~~~~~~~~~~~~~~~

  Error occurs in the template of component DashboardComponent.

    src/app/features/dashboard/dashboard.component.ts:30:15:
      30 │   templateUrl: './dashboard.component.html',
         ╵                ~~~~~~~~~~~~~~~~~~~~~~~~~~~~


✘ [ERROR] NG7: This comparison appears to be unintentional because the types 'ElectionStatus' and '"DRAFT"' have no overlap. [plugin angular-compiler]

    src/app/features/dashboard/dashboard.component.html:192:33:
      192 │                 'badge-warning': election.status === 'DRAFT',
          ╵                                  ~~~~~~~~~~~~~~~~~~~~~~~~~~~

  Error occurs in the template of component DashboardComponent.

    src/app/features/dashboard/dashboard.component.ts:30:15:
      30 │   templateUrl: './dashboard.component.html',
         ╵                ~~~~~~~~~~~~~~~~~~~~~~~~~~~~


✘ [ERROR] NG7: This comparison appears to be unintentional because the types 'ElectionStatus' and '"CLOSED"' have no overlap. [plugin angular-compiler]

    src/app/features/dashboard/dashboard.component.html:193:35:
      193 │                 'badge-secondary': election.status === 'CLOSED'
          ╵                                    ~~~~~~~~~~~~~~~~~~~~~~~~~~~~

  Error occurs in the template of component DashboardComponent.

    src/app/features/dashboard/dashboard.component.ts:30:15:
      30 │   templateUrl: './dashboard.component.html',
         ╵                ~~~~~~~~~~~~~~~~~~~~~~~~~~~~


✘ [ERROR] NG7: This comparison appears to be unintentional because the types 'ElectionStatus' and '"ACTIVE"' have no overlap. [plugin angular-compiler]

    src/app/features/elections/election-detail/election-detail.component.html:75:46:
      75 │ ...  <div class="time-progress" *ngIf="election.status === 'ACTIVE'">
         ╵                                        ~~~~~~~~~~~~~~~~~~~~~~~~~~~~

  Error occurs in the template of component ElectionDetailComponent.

    src/app/features/elections/election-detail/election-detail.component.ts:42:15:
      42 │   templateUrl: './election-detail.component.html',
         ╵                ~~~~~~~~~~~~~~~~~~~~~~~~~~~~~~~~~~


✘ [ERROR] NG7: This comparison appears to be unintentional because the types 'ElectionStatus' and '"ACTIVE"' have no overlap. [plugin angular-compiler]

    src/app/features/elections/election-detail/election-detail.component.html:108:37:
      108 │       *ngIf="!isActiveForVoting() && election.status !== 'ACTIVE'"
          ╵                                      ~~~~~~~~~~~~~~~~~~~~~~~~~~~~

  Error occurs in the template of component ElectionDetailComponent.

    src/app/features/elections/election-detail/election-detail.component.ts:42:15:
      42 │   templateUrl: './election-detail.component.html',
         ╵                ~~~~~~~~~~~~~~~~~~~~~~~~~~~~~~~~~~


✘ [ERROR] TS2678: Type '"ACTIVE"' is not comparable to type 'ElectionStatus'. [plugin angular-compiler]

    src/app/features/elections/election-detail/election-detail.component.ts:239:11:
      239 │       case 'ACTIVE':
          ╵            ~~~~~~~~


✘ [ERROR] TS2678: Type '"DRAFT"' is not comparable to type 'ElectionStatus'. [plugin angular-compiler]

    src/app/features/elections/election-detail/election-detail.component.ts:241:11:
      241 │       case 'DRAFT':
          ╵            ~~~~~~~


✘ [ERROR] TS2678: Type '"CLOSED"' is not comparable to type 'ElectionStatus'. [plugin angular-compiler]

    src/app/features/elections/election-detail/election-detail.component.ts:243:11:
      243 │       case 'CLOSED':
          ╵            ~~~~~~~~


✘ [ERROR] TS2678: Type '"COMPLETED"' is not comparable to type 'ElectionStatus'. [plugin angular-compiler]

    src/app/features/elections/election-detail/election-detail.component.ts:244:11:
      244 │       case 'COMPLETED':
          ╵            ~~~~~~~~~~~


✘ [ERROR] TS2678: Type '"CANCELLED"' is not comparable to type 'ElectionStatus'. [plugin angular-compiler]

    src/app/features/elections/election-detail/election-detail.component.ts:246:11:
      246 │       case 'CANCELLED':
          ╵            ~~~~~~~~~~~


✘ [ERROR] TS2678: Type '"ACTIVE"' is not comparable to type 'ElectionStatus'. [plugin angular-compiler]

    src/app/features/elections/election-detail/election-detail.component.ts:260:11:
      260 │       case 'ACTIVE':
          ╵            ~~~~~~~~


✘ [ERROR] TS2678: Type '"DRAFT"' is not comparable to type 'ElectionStatus'. [plugin angular-compiler]

    src/app/features/elections/election-detail/election-detail.component.ts:262:11:
      262 │       case 'DRAFT':
          ╵            ~~~~~~~


✘ [ERROR] TS2678: Type '"CLOSED"' is not comparable to type 'ElectionStatus'. [plugin angular-compiler]

    src/app/features/elections/election-detail/election-detail.component.ts:264:11:
      264 │       case 'CLOSED':
          ╵            ~~~~~~~~


✘ [ERROR] TS2678: Type '"COMPLETED"' is not comparable to type 'ElectionStatus'. [plugin angular-compiler]

    src/app/features/elections/election-detail/election-detail.component.ts:266:11:
      266 │       case 'COMPLETED':
          ╵            ~~~~~~~~~~~


✘ [ERROR] TS2678: Type '"CANCELLED"' is not comparable to type 'ElectionStatus'. [plugin angular-compiler]

    src/app/features/elections/election-detail/election-detail.component.ts:268:11:
      268 │       case 'CANCELLED':
          ╵            ~~~~~~~~~~~


✘ [ERROR] NG7: This comparison appears to be unintentional because the types 'ElectionStatus' and '"ACTIVE"' have no overlap. [plugin angular-compiler]

    src/app/features/elections/election-list/election-list.component.html:118:42:
      118 │ ...   <div class="detail-item" *ngIf="election.status === 'ACTIVE'">
          ╵                                       ~~~~~~~~~~~~~~~~~~~~~~~~~~~~

  Error occurs in the template of component ElectionListComponent.

    src/app/features/elections/election-list/election-list.component.ts:34:15:
      34 │   templateUrl: './election-list.component.html',
         ╵                ~~~~~~~~~~~~~~~~~~~~~~~~~~~~~~~~


✘ [ERROR] TS2367: This comparison appears to be unintentional because the types 'ElectionStatus' and '"ACTIVE"' have no overlap. [plugin angular-compiler]

    src/app/features/elections/election-list/election-list.component.ts:193:54:
      193 │ ...aining > 0 && daysRemaining <= 3 && election.status === 'ACTIVE';
          ╵                                        ~~~~~~~~~~~~~~~~~~~~~~~~~~~~


- Changes detected. Rebuilding...

Application bundle generation failed. [0.234 seconds]

✘ [ERROR] NG7: This comparison appears to be unintentional because the types 'ElectionStatus' and '"ACTIVE"' have no overlap. [plugin angular-compiler]

    src/app/features/elections/election-detail/election-detail.component.html:75:46:
      75 │ ...  <div class="time-progress" *ngIf="election.status === 'ACTIVE'">
         ╵                                        ~~~~~~~~~~~~~~~~~~~~~~~~~~~~

  Error occurs in the template of component ElectionDetailComponent.

    src/app/features/elections/election-detail/election-detail.component.ts:42:15:
      42 │   templateUrl: './election-detail.component.html',
         ╵                ~~~~~~~~~~~~~~~~~~~~~~~~~~~~~~~~~~


✘ [ERROR] NG7: This comparison appears to be unintentional because the types 'ElectionStatus' and '"ACTIVE"' have no overlap. [plugin angular-compiler]

    src/app/features/elections/election-detail/election-detail.component.html:108:37:
      108 │       *ngIf="!isActiveForVoting() && election.status !== 'ACTIVE'"
          ╵                                      ~~~~~~~~~~~~~~~~~~~~~~~~~~~~

  Error occurs in the template of component ElectionDetailComponent.

    src/app/features/elections/election-detail/election-detail.component.ts:42:15:
      42 │   templateUrl: './election-detail.component.html',
         ╵                ~~~~~~~~~~~~~~~~~~~~~~~~~~~~~~~~~~


✘ [ERROR] TS2678: Type '"ACTIVE"' is not comparable to type 'ElectionStatus'. [plugin angular-compiler]

    src/app/features/elections/election-detail/election-detail.component.ts:239:11:
      239 │       case 'ACTIVE':
          ╵            ~~~~~~~~


✘ [ERROR] TS2678: Type '"DRAFT"' is not comparable to type 'ElectionStatus'. [plugin angular-compiler]

    src/app/features/elections/election-detail/election-detail.component.ts:241:11:
      241 │       case 'DRAFT':
          ╵            ~~~~~~~


✘ [ERROR] TS2678: Type '"CLOSED"' is not comparable to type 'ElectionStatus'. [plugin angular-compiler]

    src/app/features/elections/election-detail/election-detail.component.ts:243:11:
      243 │       case 'CLOSED':
          ╵            ~~~~~~~~


✘ [ERROR] TS2678: Type '"COMPLETED"' is not comparable to type 'ElectionStatus'. [plugin angular-compiler]

    src/app/features/elections/election-detail/election-detail.component.ts:244:11:
      244 │       case 'COMPLETED':
          ╵            ~~~~~~~~~~~


✘ [ERROR] TS2678: Type '"CANCELLED"' is not comparable to type 'ElectionStatus'. [plugin angular-compiler]

    src/app/features/elections/election-detail/election-detail.component.ts:246:11:
      246 │       case 'CANCELLED':
          ╵            ~~~~~~~~~~~


✘ [ERROR] TS2678: Type '"ACTIVE"' is not comparable to type 'ElectionStatus'. [plugin angular-compiler]

    src/app/features/elections/election-detail/election-detail.component.ts:260:11:
      260 │       case 'ACTIVE':
          ╵            ~~~~~~~~


✘ [ERROR] TS2678: Type '"DRAFT"' is not comparable to type 'ElectionStatus'. [plugin angular-compiler]

    src/app/features/elections/election-detail/election-detail.component.ts:262:11:
      262 │       case 'DRAFT':
          ╵            ~~~~~~~


✘ [ERROR] TS2678: Type '"CLOSED"' is not comparable to type 'ElectionStatus'. [plugin angular-compiler]

    src/app/features/elections/election-detail/election-detail.component.ts:264:11:
      264 │       case 'CLOSED':
          ╵            ~~~~~~~~


✘ [ERROR] TS2678: Type '"COMPLETED"' is not comparable to type 'ElectionStatus'. [plugin angular-compiler]

    src/app/features/elections/election-detail/election-detail.component.ts:266:11:
      266 │       case 'COMPLETED':
          ╵            ~~~~~~~~~~~


✘ [ERROR] TS2678: Type '"CANCELLED"' is not comparable to type 'ElectionStatus'. [plugin angular-compiler]

    src/app/features/elections/election-detail/election-detail.component.ts:268:11:
      268 │       case 'CANCELLED':
          ╵            ~~~~~~~~~~~


✘ [ERROR] NG7: This comparison appears to be unintentional because the types 'ElectionStatus' and '"ACTIVE"' have no overlap. [plugin angular-compiler]

    src/app/features/elections/election-list/election-list.component.html:118:42:
      118 │ ...   <div class="detail-item" *ngIf="election.status === 'ACTIVE'">
          ╵                                       ~~~~~~~~~~~~~~~~~~~~~~~~~~~~

  Error occurs in the template of component ElectionListComponent.

    src/app/features/elections/election-list/election-list.component.ts:34:15:
      34 │   templateUrl: './election-list.component.html',
         ╵                ~~~~~~~~~~~~~~~~~~~~~~~~~~~~~~~~


✘ [ERROR] TS2367: This comparison appears to be unintentional because the types 'ElectionStatus' and '"ACTIVE"' have no overlap. [plugin angular-compiler]

    src/app/features/elections/election-list/election-list.component.ts:193:54:
      193 │ ...aining > 0 && daysRemaining <= 3 && election.status === 'ACTIVE';
          ╵                                        ~~~~~~~~~~~~~~~~~~~~~~~~~~~~


- Changes detected. Rebuilding...

Application bundle generation failed. [0.975 seconds]

✘ [ERROR] NG7: This comparison appears to be unintentional because the types 'ElectionStatus' and '"ACTIVE"' have no overlap. [plugin angular-compiler]

    src/app/features/elections/election-detail/election-detail.component.html:75:46:
      75 │ ...  <div class="time-progress" *ngIf="election.status === 'ACTIVE'">
         ╵                                        ~~~~~~~~~~~~~~~~~~~~~~~~~~~~

  Error occurs in the template of component ElectionDetailComponent.

    src/app/features/elections/election-detail/election-detail.component.ts:42:15:
      42 │   templateUrl: './election-detail.component.html',
         ╵                ~~~~~~~~~~~~~~~~~~~~~~~~~~~~~~~~~~


✘ [ERROR] NG7: This comparison appears to be unintentional because the types 'ElectionStatus' and '"ACTIVE"' have no overlap. [plugin angular-compiler]

    src/app/features/elections/election-detail/election-detail.component.html:108:37:
      108 │       *ngIf="!isActiveForVoting() && election.status !== 'ACTIVE'"
          ╵                                      ~~~~~~~~~~~~~~~~~~~~~~~~~~~~

  Error occurs in the template of component ElectionDetailComponent.

    src/app/features/elections/election-detail/election-detail.component.ts:42:15:
      42 │   templateUrl: './election-detail.component.html',
         ╵                ~~~~~~~~~~~~~~~~~~~~~~~~~~~~~~~~~~


✘ [ERROR] NG7: This comparison appears to be unintentional because the types 'ElectionStatus' and '"ACTIVE"' have no overlap. [plugin angular-compiler]

    src/app/features/elections/election-list/election-list.component.html:118:42:
      118 │ ...   <div class="detail-item" *ngIf="election.status === 'ACTIVE'">
          ╵                                       ~~~~~~~~~~~~~~~~~~~~~~~~~~~~

  Error occurs in the template of component ElectionListComponent.

    src/app/features/elections/election-list/election-list.component.ts:34:15:
      34 │   templateUrl: './election-list.component.html',
         ╵                ~~~~~~~~~~~~~~~~~~~~~~~~~~~~~~~~


✘ [ERROR] TS2367: This comparison appears to be unintentional because the types 'ElectionStatus' and '"ACTIVE"' have no overlap. [plugin angular-compiler]

    src/app/features/elections/election-list/election-list.component.ts:193:54:
      193 │ ...aining > 0 && daysRemaining <= 3 && election.status === 'ACTIVE';
          ╵                                        ~~~~~~~~~~~~~~~~~~~~~~~~~~~~


- Changes detected. Rebuilding...

Application bundle generation failed. [0.230 seconds]

✘ [ERROR] NG7: This comparison appears to be unintentional because the types 'ElectionStatus' and '"ACTIVE"' have no overlap. [plugin angular-compiler]

    src/app/features/elections/election-list/election-list.component.html:118:42:
      118 │ ...   <div class="detail-item" *ngIf="election.status === 'ACTIVE'">
          ╵                                       ~~~~~~~~~~~~~~~~~~~~~~~~~~~~

  Error occurs in the template of component ElectionListComponent.

    src/app/features/elections/election-list/election-list.component.ts:34:15:
      34 │   templateUrl: './election-list.component.html',
         ╵                ~~~~~~~~~~~~~~~~~~~~~~~~~~~~~~~~


✘ [ERROR] TS2367: This comparison appears to be unintentional because the types 'ElectionStatus' and '"ACTIVE"' have no overlap. [plugin angular-compiler]

    src/app/features/elections/election-list/election-list.component.ts:193:54:
      193 │ ...aining > 0 && daysRemaining <= 3 && election.status === 'ACTIVE';
          ╵                                        ~~~~~~~~~~~~~~~~~~~~~~~~~~~~


- Changes detected. Rebuilding...

Application bundle generation failed. [0.889 seconds]

✘ [ERROR] NG7: This comparison appears to be unintentional because the types 'ElectionStatus' and '"ACTIVE"' have no overlap. [plugin angular-compiler]

    src/app/features/elections/election-detail/election-detail.component.html:75:46:
      75 │ ...  <div class="time-progress" *ngIf="election.status === 'ACTIVE'">
         ╵                                        ~~~~~~~~~~~~~~~~~~~~~~~~~~~~

  Error occurs in the template of component ElectionDetailComponent.

    src/app/features/elections/election-detail/election-detail.component.ts:42:15:
      42 │   templateUrl: './election-detail.component.html',
         ╵                ~~~~~~~~~~~~~~~~~~~~~~~~~~~~~~~~~~


✘ [ERROR] NG7: This comparison appears to be unintentional because the types 'ElectionStatus' and '"ACTIVE"' have no overlap. [plugin angular-compiler]

    src/app/features/elections/election-list/election-list.component.html:118:42:
      118 │ ...   <div class="detail-item" *ngIf="election.status === 'ACTIVE'">
          ╵                                       ~~~~~~~~~~~~~~~~~~~~~~~~~~~~

  Error occurs in the template of component ElectionListComponent.

    src/app/features/elections/election-list/election-list.component.ts:34:15:
      34 │   templateUrl: './election-list.component.html',
         ╵                ~~~~~~~~~~~~~~~~~~~~~~~~~~~~~~~~


✘ [ERROR] TS2367: This comparison appears to be unintentional because the types 'ElectionStatus' and '"ACTIVE"' have no overlap. [plugin angular-compiler]

    src/app/features/elections/election-list/election-list.component.ts:193:54:
      193 │ ...aining > 0 && daysRemaining <= 3 && election.status === 'ACTIVE';
          ╵                                        ~~~~~~~~~~~~~~~~~~~~~~~~~~~~


- Changes detected. Rebuilding...

Application bundle generation failed. [0.472 seconds]

✘ [ERROR] NG7: This comparison appears to be unintentional because the types 'ElectionStatus' and '"ACTIVE"' have no overlap. [plugin angular-compiler]

    src/app/features/elections/election-detail/election-detail.component.html:75:46:
      75 │ ...  <div class="time-progress" *ngIf="election.status === 'ACTIVE'">
         ╵                                        ~~~~~~~~~~~~~~~~~~~~~~~~~~~~

  Error occurs in the template of component ElectionDetailComponent.

    src/app/features/elections/election-detail/election-detail.component.ts:42:15:
      42 │   templateUrl: './election-detail.component.html',
         ╵                ~~~~~~~~~~~~~~~~~~~~~~~~~~~~~~~~~~


✘ [ERROR] NG7: This comparison appears to be unintentional because the types 'ElectionStatus' and '"ACTIVE"' have no overlap. [plugin angular-compiler]

    src/app/features/elections/election-list/election-list.component.html:118:42:
      118 │ ...   <div class="detail-item" *ngIf="election.status === 'ACTIVE'">
          ╵                                       ~~~~~~~~~~~~~~~~~~~~~~~~~~~~

  Error occurs in the template of component ElectionListComponent.

    src/app/features/elections/election-list/election-list.component.ts:34:15:
      34 │   templateUrl: './election-list.component.html',
         ╵                ~~~~~~~~~~~~~~~~~~~~~~~~~~~~~~~~


✘ [ERROR] TS2367: This comparison appears to be unintentional because the types 'ElectionStatus' and '"ACTIVE"' have no overlap. [plugin angular-compiler]

    src/app/features/elections/election-list/election-list.component.ts:193:54:
      193 │ ...aining > 0 && daysRemaining <= 3 && election.status === 'ACTIVE';
          ╵                                        ~~~~~~~~~~~~~~~~~~~~~~~~~~~~


- Changes detected. Rebuilding...

Application bundle generation failed. [0.587 seconds]

✘ [ERROR] NG7: This comparison appears to be unintentional because the types 'ElectionStatus' and '"ACTIVE"' have no overlap. [plugin angular-compiler]

    src/app/features/elections/election-detail/election-detail.component.html:75:46:
      75 │ ...  <div class="time-progress" *ngIf="election.status === 'ACTIVE'">
         ╵                                        ~~~~~~~~~~~~~~~~~~~~~~~~~~~~

  Error occurs in the template of component ElectionDetailComponent.

    src/app/features/elections/election-detail/election-detail.component.ts:42:15:
      42 │   templateUrl: './election-detail.component.html',
         ╵                ~~~~~~~~~~~~~~~~~~~~~~~~~~~~~~~~~~


✘ [ERROR] NG7: This comparison appears to be unintentional because the types 'ElectionStatus' and '"ACTIVE"' have no overlap. [plugin angular-compiler]

    src/app/features/elections/election-list/election-list.component.html:118:42:
      118 │ ...   <div class="detail-item" *ngIf="election.status === 'ACTIVE'">
          ╵                                       ~~~~~~~~~~~~~~~~~~~~~~~~~~~~

  Error occurs in the template of component ElectionListComponent.

    src/app/features/elections/election-list/election-list.component.ts:34:15:
      34 │   templateUrl: './election-list.component.html',
         ╵                ~~~~~~~~~~~~~~~~~~~~~~~~~~~~~~~~


✘ [ERROR] TS2367: This comparison appears to be unintentional because the types 'ElectionStatus' and '"ACTIVE"' have no overlap. [plugin angular-compiler]

    src/app/features/elections/election-list/election-list.component.ts:193:54:
      193 │ ...aining > 0 && daysRemaining <= 3 && election.status === 'ACTIVE';
          ╵                                        ~~~~~~~~~~~~~~~~~~~~~~~~~~~~


- Changes detected. Rebuilding...

Application bundle generation failed. [0.288 seconds]

✘ [ERROR] NG7: This comparison appears to be unintentional because the types 'ElectionStatus' and '"ACTIVE"' have no overlap. [plugin angular-compiler]

    src/app/features/elections/election-detail/election-detail.component.html:75:46:
      75 │ ...  <div class="time-progress" *ngIf="election.status === 'ACTIVE'">
         ╵                                        ~~~~~~~~~~~~~~~~~~~~~~~~~~~~

  Error occurs in the template of component ElectionDetailComponent.

    src/app/features/elections/election-detail/election-detail.component.ts:42:15:
      42 │   templateUrl: './election-detail.component.html',
         ╵                ~~~~~~~~~~~~~~~~~~~~~~~~~~~~~~~~~~


✘ [ERROR] TS2367: This comparison appears to be unintentional because the types 'ElectionStatus' and '"ACTIVE"' have no overlap. [plugin angular-compiler]

    src/app/features/elections/election-list/election-list.component.ts:193:54:
      193 │ ...aining > 0 && daysRemaining <= 3 && election.status === 'ACTIVE';
          ╵                                        ~~~~~~~~~~~~~~~~~~~~~~~~~~~~


- Changes detected. Rebuilding...

Application bundle generation failed. [0.514 seconds]

✘ [ERROR] NG7: This comparison appears to be unintentional because the types 'ElectionStatus' and '"ACTIVE"' have no overlap. [plugin angular-compiler]

    src/app/features/elections/election-detail/election-detail.component.html:75:46:
      75 │ ...  <div class="time-progress" *ngIf="election.status === 'ACTIVE'">
         ╵                                        ~~~~~~~~~~~~~~~~~~~~~~~~~~~~

  Error occurs in the template of component ElectionDetailComponent.

    src/app/features/elections/election-detail/election-detail.component.ts:42:15:
      42 │   templateUrl: './election-detail.component.html',
         ╵                ~~~~~~~~~~~~~~~~~~~~~~~~~~~~~~~~~~


✘ [ERROR] NG7: This comparison appears to be unintentional because the types 'ElectionStatus' and '"ACTIVE"' have no overlap. [plugin angular-compiler]

    src/app/features/elections/election-list/election-list.component.html:118:42:
      118 │ ...   <div class="detail-item" *ngIf="election.status === 'ACTIVE'">
          ╵                                       ~~~~~~~~~~~~~~~~~~~~~~~~~~~~

  Error occurs in the template of component ElectionListComponent.

    src/app/features/elections/election-list/election-list.component.ts:34:15:
      34 │   templateUrl: './election-list.component.html',
         ╵                ~~~~~~~~~~~~~~~~~~~~~~~~~~~~~~~~


✘ [ERROR] TS2367: This comparison appears to be unintentional because the types 'ElectionStatus' and '"ACTIVE"' have no overlap. [plugin angular-compiler]

    src/app/features/elections/election-list/election-list.component.ts:193:54:
      193 │ ...aining > 0 && daysRemaining <= 3 && election.status === 'ACTIVE';
          ╵                                        ~~~~~~~~~~~~~~~~~~~~~~~~~~~~


- Changes detected. Rebuilding...

Application bundle generation failed. [0.372 seconds]

✘ [ERROR] NG7: This comparison appears to be unintentional because the types 'ElectionStatus' and '"ACTIVE"' have no overlap. [plugin angular-compiler]

    src/app/features/elections/election-detail/election-detail.component.html:75:46:
      75 │ ...  <div class="time-progress" *ngIf="election.status === 'ACTIVE'">
         ╵                                        ~~~~~~~~~~~~~~~~~~~~~~~~~~~~

  Error occurs in the template of component ElectionDetailComponent.

    src/app/features/elections/election-detail/election-detail.component.ts:42:15:
      42 │   templateUrl: './election-detail.component.html',
         ╵                ~~~~~~~~~~~~~~~~~~~~~~~~~~~~~~~~~~


✘ [ERROR] NG7: This comparison appears to be unintentional because the types 'ElectionStatus' and '"ACTIVE"' have no overlap. [plugin angular-compiler]

    src/app/features/elections/election-list/election-list.component.html:118:42:
      118 │ ...   <div class="detail-item" *ngIf="election.status === 'ACTIVE'">
          ╵                                       ~~~~~~~~~~~~~~~~~~~~~~~~~~~~

  Error occurs in the template of component ElectionListComponent.

    src/app/features/elections/election-list/election-list.component.ts:34:15:
      34 │   templateUrl: './election-list.component.html',
         ╵                ~~~~~~~~~~~~~~~~~~~~~~~~~~~~~~~~


- Changes detected. Rebuilding...

Application bundle generation failed. [0.674 seconds]

✘ [ERROR] NG7: This comparison appears to be unintentional because the types 'ElectionStatus' and '"ACTIVE"' have no overlap. [plugin angular-compiler]

    src/app/features/elections/election-detail/election-detail.component.html:75:46:
      75 │ ...  <div class="time-progress" *ngIf="election.status === 'ACTIVE'">
         ╵                                        ~~~~~~~~~~~~~~~~~~~~~~~~~~~~

  Error occurs in the template of component ElectionDetailComponent.

    src/app/features/elections/election-detail/election-detail.component.ts:42:15:
      42 │   templateUrl: './election-detail.component.html',
         ╵                ~~~~~~~~~~~~~~~~~~~~~~~~~~~~~~~~~~


- Changes detected. Rebuilding...

Application bundle generation failed. [0.352 seconds]

✘ [ERROR] NG7: This comparison appears to be unintentional because the types 'ElectionStatus' and '"ACTIVE"' have no overlap. [plugin angular-compiler]

    src/app/features/elections/election-detail/election-detail.component.html:75:46:
      75 │ ...  <div class="time-progress" *ngIf="election.status === 'ACTIVE'">
         ╵                                        ~~~~~~~~~~~~~~~~~~~~~~~~~~~~

  Error occurs in the template of component ElectionDetailComponent.

    src/app/features/elections/election-detail/election-detail.component.ts:42:15:
      42 │   templateUrl: './election-detail.component.html',
         ╵                ~~~~~~~~~~~~~~~~~~~~~~~~~~~~~~~~~~


- Changes detected. Rebuilding...

Initial chunk files | Names                       |  Raw size
styles.css          | styles                      | 663.52 kB | 
polyfills.js        | polyfills                   |  88.09 kB | 
chunk-TMIPQ7U3.js   | -                           |   8.54 kB | 
main.js             | main                        |   7.39 kB | 
chunk-OOR6ISPA.js   | -                           |   1.19 kB | 
chunk-ECIVKUFY.js   | -                           | 273 bytes | 

                    | Initial total               | 768.99 kB

Lazy chunk files    | Names                       |  Raw size
chunk-FXP4MPNB.js   | election-detail-component   |  41.20 kB | 
chunk-P6N3F7TP.js   | vote-confirmation-component |  31.80 kB | 
chunk-FTW7ZOMR.js   | dashboard-component         |  29.63 kB | 
chunk-TSZIUBMF.js   | election-list-component     |  28.15 kB | 
chunk-M7ZW54GR.js   | create-election-component   |  13.68 kB | 
chunk-VLIS4SND.js   | login-component             |  10.57 kB | 
chunk-OHINMAQX.js   | -                           |   9.94 kB | 
chunk-2W4WW4LY.js   | -                           |   6.96 kB | 
chunk-ST44EHWA.js   | unauthorized-component      |   4.59 kB | 
chunk-XNYR3C6H.js   | not-found-component         |   4.54 kB | 
chunk-GLSWE5BD.js   | admin-dashboard-component   |   4.18 kB | 
chunk-2AKW4S3O.js   | audit-dashboard-component   |   3.32 kB | 
chunk-XOUBIXJV.js   | admin-routes                | 375 bytes | 
chunk-7PSPUVBB.js   | audit-routes                | 252 bytes | 

Application bundle generation complete. [0.831 seconds]

Page reload sent to client(s).
- Changes detected. Rebuilding...


No output file changes.

Application bundle generation complete. [0.935 seconds]

